Removed Pin From Net: NetName=AGNDC Pin=C9-1
Removed Pin From Net: NetName=LDO_OUT Pin=C9-2
Removed Pin From Net: NetName=VINL Pin=C10-2
Removed Pin From Net: NetName=VINR Pin=C12-2
Removed Pin From Net: NetName=AGNDC Pin=C13-2
Removed Pin From Net: NetName=AGNDC Pin=C14-2
Removed Pin From Net: NetName=AGNDC Pin=J2-2
Removed Pin From Net: NetName=VDDI Pin=J3-1
Removed Pin From Net: NetName=HID0 Pin=J3-2
Removed Pin From Net: NetName=LDO_OUT Pin=R8-2
Removed Pin From Net: NetName=AGNDC Pin=R11-1
Removed Pin From Net: NetName=LDO_OUT Pin=U3-3
Removed Pin From Net: NetName=AGNDC Pin=U3-4
Removed Pin From Net: NetName=LDO_OUT Pin=U3-8
Removed Member From Class: ClassName=microphone_DIY Member=C15
Removed Member From Class: ClassName=microphone_DIY Member=C16
Removed Member From Class: ClassName=microphone_DIY Member=C17
Removed Member From Class: ClassName=microphone_DIY Member=C18
Removed Member From Class: ClassName=microphone_DIY Member=J3
Removed Member From Class: ClassName=microphone_DIY Member=R9
Removed Member From Class: ClassName=microphone_DIY Member=R10
Removed Member From Class: ClassName=microphone_DIY Member=R11
Removed Member From Class: ClassName=microphone_DIY Member=R12
Removed Member From Class: ClassName=microphone_DIY Member=R13
Removed Member From Class: ClassName=microphone_DIY Member=R14
Removed Member From Class: ClassName=microphone_DIY Member=U4
Change Component Footprint: Designator=R12 Old Footprint=AR05BTCW1501-Footprint-1 New Footprint=RESC2013X70X40ML20T20
Change Component Footprint: Designator=J2 Old Footprint=FP-TSW-102-12-T-S-MFG New Footprint=FP-MTLW-103-07-G-S-230-MFG
Change Component Footprint: Designator=J3 Old Footprint=FP-TSW-102-12-T-S-MFG New Footprint=FP-MTLW-103-07-G-S-230-MFG
Change Component Footprint: Designator=R13 Old Footprint=RESC2013X70X40ML20T20 New Footprint=AR05BTCW1501-Footprint-1
Change Component Footprint: Designator=R9 Old Footprint=RESC2013X70X40ML20T20 New Footprint=RESC2013X60X40LL20T25
Change Component Footprint: Designator=R11 Old Footprint=RESC2013X70X40ML20T20 New Footprint=RESC2013X70X40NL20T20
Change Component Footprint: Designator=R10 Old Footprint=RESC2013X70X40NL20T20 New Footprint=RESC2013X70X40ML20T20
Change Component Comment : Designator=R12 Old Comment=AR05BTCW1501 New Comment=ERJ-6ENF1002V
Change Component Comment : Designator=R13 Old Comment=ERJ6ENF4702V New Comment=AR05BTCW1501
Change Component Comment : Designator=R9 Old Comment=ERJ-6ENF1002V New Comment=ERA6AEB222V
Change Component Comment : Designator=R11 Old Comment=ERJ-6ENF1002V New Comment=ERJ-6GEYJ104V
Change Component Comment : Designator=R10 Old Comment=ERJ-6GEYJ104V New Comment=ERJ-6ENF1002V
Change Component Comment : Designator=J2 Old Comment=TSW-102-12-T-S New Comment=MTLW-103-07-G-S-230
Change Component Comment : Designator=J3 Old Comment=TSW-102-12-T-S New Comment=MTLW-103-07-G-S-230
Change Component Designator: OldDesignator=C5 NewDesignator=C6
Change Component Designator: OldDesignator=C6 NewDesignator=C7
Change Component Designator: OldDesignator=C7 NewDesignator=C8
Change Component Designator: OldDesignator=C8 NewDesignator=C9
Change Component Designator: OldDesignator=C15 NewDesignator=C11
Change Component Designator: OldDesignator=C16 NewDesignator=C12
Change Component Designator: OldDesignator=C17 NewDesignator=C13
Change Component Designator: OldDesignator=C18 NewDesignator=C14
Change Component Designator: OldDesignator=R14 NewDesignator=R8
Change Component Designator: OldDesignator=U4 NewDesignator=U3
Change Managed Component Library Link : Designator=J2 Old VaultGUID=B7D15EC3-160A-466F-A46C-7801FE6295A7 New VaultGUID=B7D15EC3-160A-466F-A46C-7801FE6295A7 Old ItemGUID=A783C24E-416F-430F-B590-068DA4C01956 New ItemGUID=ACEBD6C7-EACD-4526-B3FB-55244659861F Old RevisionGUID=0B799AA1-4ACC-424C-B5A3-116D4D3D35AA New RevisionGUID=9A38B097-91E8-4C8F-BA8C-DFF8245FFE84
Change Managed Component Library Link : Designator=J3 Old VaultGUID=B7D15EC3-160A-466F-A46C-7801FE6295A7 New VaultGUID=B7D15EC3-160A-466F-A46C-7801FE6295A7 Old ItemGUID=A783C24E-416F-430F-B590-068DA4C01956 New ItemGUID=ACEBD6C7-EACD-4526-B3FB-55244659861F Old RevisionGUID=0B799AA1-4ACC-424C-B5A3-116D4D3D35AA New RevisionGUID=9A38B097-91E8-4C8F-BA8C-DFF8245FFE84
Change Managed Component Library Link : Designator=R9 Old VaultGUID=B7D15EC3-160A-466F-A46C-7801FE6295A7 New VaultGUID=B7D15EC3-160A-466F-A46C-7801FE6295A7 Old ItemGUID=F0424D7C-3667-4863-91AF-9F0C306C3900 New ItemGUID=2BCDB503-03A9-4CBA-9DD3-42EAA74F5965 Old RevisionGUID=4D2F5268-31F2-4C12-9CA9-4345715BF57E New RevisionGUID=25502647-2648-4958-BB09-62FFEDF17959
Change Managed Component Library Link : Designator=R10 Old VaultGUID=B7D15EC3-160A-466F-A46C-7801FE6295A7 New VaultGUID=B7D15EC3-160A-466F-A46C-7801FE6295A7 Old ItemGUID=33508B61-DF52-44A5-8445-3061CD8F71CE New ItemGUID=F0424D7C-3667-4863-91AF-9F0C306C3900 Old RevisionGUID=8F8BB8E7-FC75-4408-A86A-9A700938F727 New RevisionGUID=4D2F5268-31F2-4C12-9CA9-4345715BF57E
Change Managed Component Library Link : Designator=R11 Old VaultGUID=B7D15EC3-160A-466F-A46C-7801FE6295A7 New VaultGUID=B7D15EC3-160A-466F-A46C-7801FE6295A7 Old ItemGUID=F0424D7C-3667-4863-91AF-9F0C306C3900 New ItemGUID=33508B61-DF52-44A5-8445-3061CD8F71CE Old RevisionGUID=4D2F5268-31F2-4C12-9CA9-4345715BF57E New RevisionGUID=8F8BB8E7-FC75-4408-A86A-9A700938F727
Change Managed Component Library Link : Designator=R12 Old VaultGUID=968F7611-CCE3-423E-987A-7948D2B7BBA4 New VaultGUID=B7D15EC3-160A-466F-A46C-7801FE6295A7 Old ItemGUID=edd99f7c-e40b-4afb-8f48-914b746dde62 New ItemGUID=F0424D7C-3667-4863-91AF-9F0C306C3900 Old RevisionGUID=edd12f17-0b1d-4183-9860-31a69ed75a54 New RevisionGUID=4D2F5268-31F2-4C12-9CA9-4345715BF57E
Change Managed Component Library Link : Designator=R13 Old VaultGUID=B7D15EC3-160A-466F-A46C-7801FE6295A7 New VaultGUID=968F7611-CCE3-423E-987A-7948D2B7BBA4 Old ItemGUID=6F14CBE7-B3FF-4578-8074-E5AB8A820E85 New ItemGUID=edd99f7c-e40b-4afb-8f48-914b746dde62 Old RevisionGUID=262F9398-14E6-4778-8E03-BAB0516A005D New RevisionGUID=edd12f17-0b1d-4183-9860-31a69ed75a54
Change component parameters: Designator = "R9" ("R9"); Footprint = "RESC2013X70X40ML20T20"; UniqueID = "\VROGWNDX" ("\VROGWNDX")
Change component parameters (AddParameter): Name = "Manufacturer"; Value = "Panasonic"; VariantName = "[No Variations]"
Change component parameters (AddParameter): Name = "Part Number"; Value = "ERA6AEB222V"; VariantName = "[No Variations]"
Change component parameters: Designator = "R10" ("R10"); Footprint = "RESC2013X70X40NL20T20"; UniqueID = "\JHNNOEXW" ("\JHNNOEXW")
Change component parameters (AddParameter): Name = "Manufacturer"; Value = "Panasonic"; VariantName = "[No Variations]"
Change component parameters (AddParameter): Name = "Part Number"; Value = "ERJ-6ENF1002V"; VariantName = "[No Variations]"
Change component parameters: Designator = "R11" ("R11"); Footprint = "RESC2013X70X40ML20T20"; UniqueID = "\ADVDIJMH" ("\ADVDIJMH")
Change component parameters (AddParameter): Name = "Manufacturer"; Value = "Panasonic"; VariantName = "[No Variations]"
Change component parameters (AddParameter): Name = "Part Number"; Value = "ERJ-6GEYJ104V"; VariantName = "[No Variations]"
Change component parameters: Designator = "R12" ("R12"); Footprint = "AR05BTCW1501-Footprint-1"; UniqueID = "\PWSGDOCW" ("\PWSGDOCW")
Change component parameters (AddParameter): Name = "Manufacturer"; Value = "Panasonic"; VariantName = "[No Variations]"
Change component parameters (AddParameter): Name = "Part Number"; Value = "ERJ-6ENF1002V"; VariantName = "[No Variations]"
Change component parameters: Designator = "R13" ("R13"); Footprint = "RESC2013X70X40ML20T20"; UniqueID = "\ALITUDUD" ("\ALITUDUD")
Change component parameters (AddParameter): Name = "Case/Package"; Value = "0805"; VariantName = "[No Variations]"
Change component parameters (AddParameter): Name = "Max Operating Temperature"; Value = "155°C"; VariantName = "[No Variations]"
Change component parameters (AddParameter): Name = "Min Operating Temperature"; Value = "-55°C"; VariantName = "[No Variations]"
Change component parameters (AddParameter): Name = "Mounting Technology"; Value = "Surface Mount"; VariantName = "[No Variations]"
Change component parameters (AddParameter): Name = "Pins"; Value = ""; VariantName = "[No Variations]"
Change component parameters (AddParameter): Name = "Power"; Value = ""; VariantName = "[No Variations]"
Change component parameters (AddParameter): Name = "RoHS Compliant"; Value = ""; VariantName = "[No Variations]"
Change component parameters (AddParameter): Name = "Tolerance"; Value = "0.1%"; VariantName = "[No Variations]"
Change component parameters (AddParameter): Name = "Value"; Value = "1.5k"; VariantName = "[No Variations]"
Change component parameters (AddParameter): Name = "Voltage Rating"; Value = ""; VariantName = "[No Variations]"
Change component parameters: Designator = "J2" ("J2"); Footprint = "FP-TSW-102-12-T-S-MFG"; UniqueID = "\JUGGTVFA" ("\JUGGTVFA")
Change component parameters (AddParameter): Name = "Contact Material"; Value = "Bronze"; VariantName = "[No Variations]"
Change component parameters (AddParameter): Name = "Contact Plating"; Value = "Gold"; VariantName = "[No Variations]"
Change component parameters (AddParameter): Name = "Depth"; Value = "2.48mm"; VariantName = "[No Variations]"
Change component parameters (AddParameter): Name = "Gender"; Value = "Male"; VariantName = "[No Variations]"
Change component parameters (AddParameter): Name = "Housing Color"; Value = "Black"; VariantName = "[No Variations]"
Change component parameters (AddParameter): Name = "Housing Material"; Value = "Polymer"; VariantName = "[No Variations]"
Change component parameters (AddParameter): Name = "Length"; Value = "7.62mm"; VariantName = "[No Variations]"
Change component parameters (AddParameter): Name = "Max Current Rating"; Value = "3A"; VariantName = "[No Variations]"
Change component parameters (AddParameter): Name = "Max Operating Temperature"; Value = "125°C"; VariantName = "[No Variations]"
Change component parameters (AddParameter): Name = "Min Operating Temperature"; Value = "-55°C"; VariantName = "[No Variations]"
Change component parameters (AddParameter): Name = "Number of Contacts"; Value = "3"; VariantName = "[No Variations]"
Change component parameters (AddParameter): Name = "Number of Rows"; Value = "1"; VariantName = "[No Variations]"
Change component parameters (AddParameter): Name = "Orientation"; Value = "Straight"; VariantName = "[No Variations]"
Change component parameters (AddParameter): Name = "Packaging"; Value = "Bulk"; VariantName = "[No Variations]"
Change component parameters (AddParameter): Name = "Pitch"; Value = "2.54mm"; VariantName = "[No Variations]"
Change component parameters (AddParameter): Name = "Radiation Hardening"; Value = "No"; VariantName = "[No Variations]"
Change component parameters (AddParameter): Name = "RoHS Compliant"; Value = "Yes"; VariantName = "[No Variations]"
Change component parameters (AddParameter): Name = "Termination"; Value = "Solder"; VariantName = "[No Variations]"
Change component parameters: Designator = "J3" ("J3"); Footprint = "FP-TSW-102-12-T-S-MFG"; UniqueID = "\FFOMFIKV" ("\FFOMFIKV")
Change component parameters (AddParameter): Name = "Contact Material"; Value = "Bronze"; VariantName = "[No Variations]"
Change component parameters (AddParameter): Name = "Contact Plating"; Value = "Gold"; VariantName = "[No Variations]"
Change component parameters (AddParameter): Name = "Depth"; Value = "2.48mm"; VariantName = "[No Variations]"
Change component parameters (AddParameter): Name = "Gender"; Value = "Male"; VariantName = "[No Variations]"
Change component parameters (AddParameter): Name = "Housing Color"; Value = "Black"; VariantName = "[No Variations]"
Change component parameters (AddParameter): Name = "Housing Material"; Value = "Polymer"; VariantName = "[No Variations]"
Change component parameters (AddParameter): Name = "Length"; Value = "7.62mm"; VariantName = "[No Variations]"
Change component parameters (AddParameter): Name = "Max Current Rating"; Value = "3A"; VariantName = "[No Variations]"
Change component parameters (AddParameter): Name = "Max Operating Temperature"; Value = "125°C"; VariantName = "[No Variations]"
Change component parameters (AddParameter): Name = "Min Operating Temperature"; Value = "-55°C"; VariantName = "[No Variations]"
Change component parameters (AddParameter): Name = "Number of Contacts"; Value = "3"; VariantName = "[No Variations]"
Change component parameters (AddParameter): Name = "Number of Rows"; Value = "1"; VariantName = "[No Variations]"
Change component parameters (AddParameter): Name = "Orientation"; Value = "Straight"; VariantName = "[No Variations]"
Change component parameters (AddParameter): Name = "Packaging"; Value = "Bulk"; VariantName = "[No Variations]"
Change component parameters (AddParameter): Name = "Pitch"; Value = "2.54mm"; VariantName = "[No Variations]"
Change component parameters (AddParameter): Name = "Radiation Hardening"; Value = "No"; VariantName = "[No Variations]"
Change component parameters (AddParameter): Name = "RoHS Compliant"; Value = "Yes"; VariantName = "[No Variations]"
Change component parameters (AddParameter): Name = "Termination"; Value = "Solder"; VariantName = "[No Variations]"
Added Component: Designator=C5(593D106X9016B2TE3-Footprint-1)
Add component (AddParameter): Name = "Capacitor Type"; Value = ""; VariantName = "[No Variations]"
Add component (AddParameter): Name = "Case/Package"; Value = "1411"; VariantName = "[No Variations]"
Add component (AddParameter): Name = "Max Operating Temperature"; Value = "125°C"; VariantName = "[No Variations]"
Add component (AddParameter): Name = "Min Operating Temperature"; Value = "-55°C"; VariantName = "[No Variations]"
Add component (AddParameter): Name = "Mounting Technology"; Value = "Surface Mount"; VariantName = "[No Variations]"
Add component (AddParameter): Name = "Pins"; Value = "2"; VariantName = "[No Variations]"
Add component (AddParameter): Name = "Ripple Current"; Value = "132mA"; VariantName = "[No Variations]"
Add component (AddParameter): Name = "Ripple Current (AC)"; Value = ""; VariantName = "[No Variations]"
Add component (AddParameter): Name = "RoHS Compliant"; Value = ""; VariantName = "[No Variations]"
Add component (AddParameter): Name = "Tolerance"; Value = "10%"; VariantName = "[No Variations]"
Add component (AddParameter): Name = "Value"; Value = "10µF"; VariantName = "[No Variations]"
Add component (AddParameter): Name = "Voltage Rating"; Value = "16V"; VariantName = "[No Variations]"
Added Component: Designator=C15(FP-0805B-IPC_C)
Add component (AddParameter): Name = "Capacitance"; Value = "100nF"; VariantName = "[No Variations]"
Add component (AddParameter): Name = "Case Code (Imperial)"; Value = "0805"; VariantName = "[No Variations]"
Add component (AddParameter): Name = "Case Code (Metric)"; Value = "2012"; VariantName = "[No Variations]"
Add component (AddParameter): Name = "Case/Package"; Value = "0805"; VariantName = "[No Variations]"
Add component (AddParameter): Name = "Depth"; Value = "1.25mm"; VariantName = "[No Variations]"
Add component (AddParameter): Name = "Dielectric"; Value = "X7R"; VariantName = "[No Variations]"
Add component (AddParameter): Name = "Lead Free"; Value = "Lead Free"; VariantName = "[No Variations]"
Add component (AddParameter): Name = "Length"; Value = "2mm"; VariantName = "[No Variations]"
Add component (AddParameter): Name = "Max Operating Temperature"; Value = "125°C"; VariantName = "[No Variations]"
Add component (AddParameter): Name = "Min Operating Temperature"; Value = "-55°C"; VariantName = "[No Variations]"
Add component (AddParameter): Name = "Packaging"; Value = "Tape and Reel"; VariantName = "[No Variations]"
Add component (AddParameter): Name = "Radiation Hardening"; Value = "No"; VariantName = "[No Variations]"
Add component (AddParameter): Name = "RoHS Compliant"; Value = "Yes"; VariantName = "[No Variations]"
Add component (AddParameter): Name = "Tolerance"; Value = "10%"; VariantName = "[No Variations]"
Add component (AddParameter): Name = "Voltage"; Value = "50V"; VariantName = "[No Variations]"
Add component (AddParameter): Name = "Voltage Rating"; Value = "50V"; VariantName = "[No Variations]"
Add component (AddParameter): Name = "Voltage Rating (DC)"; Value = "50V"; VariantName = "[No Variations]"
Added Component: Designator=C16(293D105X9016A2TE3-Footprint-1)
Add component (AddParameter): Name = "Capacitor Type"; Value = ""; VariantName = "[No Variations]"
Add component (AddParameter): Name = "Case/Package"; Value = "1206"; VariantName = "[No Variations]"
Add component (AddParameter): Name = "Max Operating Temperature"; Value = "125°C"; VariantName = "[No Variations]"
Add component (AddParameter): Name = "Min Operating Temperature"; Value = "-55°C"; VariantName = "[No Variations]"
Add component (AddParameter): Name = "Mounting Technology"; Value = "Surface Mount"; VariantName = "[No Variations]"
Add component (AddParameter): Name = "Pins"; Value = "2"; VariantName = "[No Variations]"
Add component (AddParameter): Name = "Ripple Current"; Value = "36mA"; VariantName = "[No Variations]"
Add component (AddParameter): Name = "Ripple Current (AC)"; Value = ""; VariantName = "[No Variations]"
Add component (AddParameter): Name = "RoHS Compliant"; Value = ""; VariantName = "[No Variations]"
Add component (AddParameter): Name = "Tolerance"; Value = "10%"; VariantName = "[No Variations]"
Add component (AddParameter): Name = "Value"; Value = "1µF"; VariantName = "[No Variations]"
Add component (AddParameter): Name = "Voltage Rating"; Value = "16V"; VariantName = "[No Variations]"
Added Component: Designator=C17(593D106X9016B2TE3-Footprint-1)
Add component (AddParameter): Name = "Capacitor Type"; Value = ""; VariantName = "[No Variations]"
Add component (AddParameter): Name = "Case/Package"; Value = "1411"; VariantName = "[No Variations]"
Add component (AddParameter): Name = "Max Operating Temperature"; Value = "125°C"; VariantName = "[No Variations]"
Add component (AddParameter): Name = "Min Operating Temperature"; Value = "-55°C"; VariantName = "[No Variations]"
Add component (AddParameter): Name = "Mounting Technology"; Value = "Surface Mount"; VariantName = "[No Variations]"
Add component (AddParameter): Name = "Pins"; Value = "2"; VariantName = "[No Variations]"
Add component (AddParameter): Name = "Ripple Current"; Value = "132mA"; VariantName = "[No Variations]"
Add component (AddParameter): Name = "Ripple Current (AC)"; Value = ""; VariantName = "[No Variations]"
Add component (AddParameter): Name = "RoHS Compliant"; Value = ""; VariantName = "[No Variations]"
Add component (AddParameter): Name = "Tolerance"; Value = "10%"; VariantName = "[No Variations]"
Add component (AddParameter): Name = "Value"; Value = "10µF"; VariantName = "[No Variations]"
Add component (AddParameter): Name = "Voltage Rating"; Value = "16V"; VariantName = "[No Variations]"
Added Component: Designator=C18(593D106X9016B2TE3-Footprint-1)
Add component (AddParameter): Name = "Capacitor Type"; Value = ""; VariantName = "[No Variations]"
Add component (AddParameter): Name = "Case/Package"; Value = "1411"; VariantName = "[No Variations]"
Add component (AddParameter): Name = "Max Operating Temperature"; Value = "125°C"; VariantName = "[No Variations]"
Add component (AddParameter): Name = "Min Operating Temperature"; Value = "-55°C"; VariantName = "[No Variations]"
Add component (AddParameter): Name = "Mounting Technology"; Value = "Surface Mount"; VariantName = "[No Variations]"
Add component (AddParameter): Name = "Pins"; Value = "2"; VariantName = "[No Variations]"
Add component (AddParameter): Name = "Ripple Current"; Value = "132mA"; VariantName = "[No Variations]"
Add component (AddParameter): Name = "Ripple Current (AC)"; Value = ""; VariantName = "[No Variations]"
Add component (AddParameter): Name = "RoHS Compliant"; Value = ""; VariantName = "[No Variations]"
Add component (AddParameter): Name = "Tolerance"; Value = "10%"; VariantName = "[No Variations]"
Add component (AddParameter): Name = "Value"; Value = "10µF"; VariantName = "[No Variations]"
Add component (AddParameter): Name = "Voltage Rating"; Value = "16V"; VariantName = "[No Variations]"
Added Component: Designator=J4(FP-TSW-102-14-G-S-MFG)
Add component (AddParameter): Name = "Color"; Value = "Black"; VariantName = "[No Variations]"
Add component (AddParameter): Name = "Connector Type"; Value = "Header"; VariantName = "[No Variations]"
Add component (AddParameter): Name = "Contact Finish - Mating"; Value = "GOLD"; VariantName = "[No Variations]"
Add component (AddParameter): Name = "Contact Material"; Value = "Bronze"; VariantName = "[No Variations]"
Add component (AddParameter): Name = "Contact Mating Length"; Value = "0.32inch"; VariantName = "[No Variations]"
Add component (AddParameter): Name = "Contact Plating"; Value = "Gold"; VariantName = "[No Variations]"
Add component (AddParameter): Name = "Contact Shape"; Value = "Square"; VariantName = "[No Variations]"
Add component (AddParameter): Name = "Contact Type"; Value = "Male Pin"; VariantName = "[No Variations]"
Add component (AddParameter): Name = "Depth"; Value = "2.54mm"; VariantName = "[No Variations]"
Add component (AddParameter): Name = "Fastening Type"; Value = "Pull"; VariantName = "[No Variations]"
Add component (AddParameter): Name = "Flammability Rating"; Value = "UL94 V-0"; VariantName = "[No Variations]"
Add component (AddParameter): Name = "Gender"; Value = "Male"; VariantName = "[No Variations]"
Add component (AddParameter): Name = "Housing Color"; Value = "Black"; VariantName = "[No Variations]"
Add component (AddParameter): Name = "Housing Material"; Value = "Polyester"; VariantName = "[No Variations]"
Add component (AddParameter): Name = "Insulation Color"; Value = "Black"; VariantName = "[No Variations]"
Add component (AddParameter): Name = "Insulation Material"; Value = "PBT"; VariantName = "[No Variations]"
Add component (AddParameter): Name = "Lead Free"; Value = "Lead Free"; VariantName = "[No Variations]"
Add component (AddParameter): Name = "Length"; Value = "5.08mm"; VariantName = "[No Variations]"
Add component (AddParameter): Name = "Max Current Rating"; Value = "7.6A"; VariantName = "[No Variations]"
Add component (AddParameter): Name = "Max Operating Temperature"; Value = "125°C"; VariantName = "[No Variations]"
Add component (AddParameter): Name = "Max Voltage Rating (AC)"; Value = "550V"; VariantName = "[No Variations]"
Add component (AddParameter): Name = "Min Operating Temperature"; Value = "-55°C"; VariantName = "[No Variations]"
Add component (AddParameter): Name = "Mount"; Value = "Through Hole"; VariantName = "[No Variations]"
Add component (AddParameter): Name = "Number of Contacts"; Value = "2"; VariantName = "[No Variations]"
Add component (AddParameter): Name = "Number of Positions"; Value = "2"; VariantName = "[No Variations]"
Add component (AddParameter): Name = "Number of Rows"; Value = "1"; VariantName = "[No Variations]"
Add component (AddParameter): Name = "Orientation"; Value = "Straight"; VariantName = "[No Variations]"
Add component (AddParameter): Name = "Package Quantity"; Value = "1"; VariantName = "[No Variations]"
Add component (AddParameter): Name = "Packaging"; Value = "Bulk"; VariantName = "[No Variations]"
Add component (AddParameter): Name = "Pitch"; Value = "2.54mm"; VariantName = "[No Variations]"
Add component (AddParameter): Name = "Radiation Hardening"; Value = "No"; VariantName = "[No Variations]"
Add component (AddParameter): Name = "REACH SVHC"; Value = "No SVHC"; VariantName = "[No Variations]"
Add component (AddParameter): Name = "RoHS Compliant"; Value = "Yes"; VariantName = "[No Variations]"
Add component (AddParameter): Name = "Series"; Value = "TSW"; VariantName = "[No Variations]"
Add component (AddParameter): Name = "Termination"; Value = "Solder"; VariantName = "[No Variations]"
Add component (AddParameter): Name = "Width"; Value = "2.54mm"; VariantName = "[No Variations]"
Added Component: Designator=R14(RESC2013X70X40ML20T20)
Add component (AddParameter): Name = "Manufacturer"; Value = "Panasonic"; VariantName = "[No Variations]"
Add component (AddParameter): Name = "Part Number"; Value = "ERJ6ENF4702V"; VariantName = "[No Variations]"
Added Component: Designator=U4(FP-D0008A-MFG)
Add component (AddParameter): Name = "Case/Package"; Value = "SOIC"; VariantName = "[No Variations]"
Add component (AddParameter): Name = "Common Mode Rejection Ratio"; Value = "90dB"; VariantName = "[No Variations]"
Add component (AddParameter): Name = "Gain Bandwidth Product"; Value = "10MHz"; VariantName = "[No Variations]"
Add component (AddParameter): Name = "Input Bias Current"; Value = "10pA"; VariantName = "[No Variations]"
Add component (AddParameter): Name = "Input Offset Voltage (Vos)"; Value = "250uV"; VariantName = "[No Variations]"
Add component (AddParameter): Name = "Lead Free"; Value = "Lead Free"; VariantName = "[No Variations]"
Add component (AddParameter): Name = "Max Dual Supply Voltage"; Value = "18V"; VariantName = "[No Variations]"
Add component (AddParameter): Name = "Max Operating Temperature"; Value = "85°C"; VariantName = "[No Variations]"
Add component (AddParameter): Name = "Max Supply Voltage"; Value = "36V"; VariantName = "[No Variations]"
Add component (AddParameter): Name = "Min Dual Supply Voltage"; Value = "2.25V"; VariantName = "[No Variations]"
Add component (AddParameter): Name = "Min Operating Temperature"; Value = "-40°C"; VariantName = "[No Variations]"
Add component (AddParameter): Name = "Min Supply Voltage"; Value = "4.5V"; VariantName = "[No Variations]"
Add component (AddParameter): Name = "Mount"; Value = "Surface Mount"; VariantName = "[No Variations]"
Add component (AddParameter): Name = "Number of Channels"; Value = "2"; VariantName = "[No Variations]"
Add component (AddParameter): Name = "Number of Circuits"; Value = "2"; VariantName = "[No Variations]"
Add component (AddParameter): Name = "Number of Pins"; Value = "8"; VariantName = "[No Variations]"
Add component (AddParameter): Name = "Operating Supply Current"; Value = "1.6mA"; VariantName = "[No Variations]"
Add component (AddParameter): Name = "Output Current per Channel"; Value = "75mA"; VariantName = "[No Variations]"
Add component (AddParameter): Name = "Packaging"; Value = "Tape and Reel"; VariantName = "[No Variations]"
Add component (AddParameter): Name = "RoHS Compliant"; Value = "Yes"; VariantName = "[No Variations]"
Add component (AddParameter): Name = "Slew Rate"; Value = "8V/µs"; VariantName = "[No Variations]"
Add component (AddParameter): Name = "Voltage Gain"; Value = "130dB"; VariantName = "[No Variations]"
Added Pin To Net: NetName=VINL Pin=C5-2
Added Pin To Net: NetName=VINR Pin=C10-2
Added Pin To Net: NetName=AGNDC Pin=C15-1
Added Pin To Net: NetName=LDO_OUT Pin=C15-2
Added Pin To Net: NetName=AGNDC Pin=C17-2
Added Pin To Net: NetName=AGNDC Pin=C18-2
Added Pin To Net: NetName=AGNDC Pin=J2-1
Added Pin To Net: NetName=LDO_OUT Pin=J2-3
Added Pin To Net: NetName=AGNDC Pin=J3-1
Added Pin To Net: NetName=LDO_OUT Pin=J3-3
Added Pin To Net: NetName=AGNDC Pin=J4-2
Added Pin To Net: NetName=LDO_OUT Pin=R10-2
Added Pin To Net: NetName=AGNDC Pin=R12-1
Added Pin To Net: NetName=LDO_OUT Pin=U4-3
Added Pin To Net: NetName=AGNDC Pin=U4-4
Added Pin To Net: NetName=LDO_OUT Pin=U4-8
Added Pin To Net: NetName=NetC5_1 Pin=C5-1
Added Pin To Net: NetName=NetC5_1 Pin=C10-1
Added Pin To Net: NetName=NetC5_1 Pin=J2-2
Added Net: Name=NetC5_1
Added Pin To Net: NetName=NetC16_1 Pin=C16-1
Added Pin To Net: NetName=NetC16_1 Pin=J4-1
Added Pin To Net: NetName=NetC16_1 Pin=R9-1
Added Net: Name=NetC16_1
Added Pin To Net: NetName=NetC16_2 Pin=C16-2
Added Pin To Net: NetName=NetC16_2 Pin=C17-1
Added Pin To Net: NetName=NetC16_2 Pin=R10-1
Added Pin To Net: NetName=NetC16_2 Pin=R11-1
Added Pin To Net: NetName=NetC16_2 Pin=R12-2
Added Net: Name=NetC16_2
Added Pin To Net: NetName=NetC18_1 Pin=C18-1
Added Pin To Net: NetName=NetC18_1 Pin=R13-1
Added Pin To Net: NetName=NetC18_1 Pin=R14-1
Added Net: Name=NetC18_1
Added Pin To Net: NetName=NetJ3_2 Pin=J3-2
Added Pin To Net: NetName=NetJ3_2 Pin=R14-2
Added Pin To Net: NetName=NetJ3_2 Pin=U4-1
Added Pin To Net: NetName=NetJ3_2 Pin=U4-5
Added Net: Name=NetJ3_2
Added Pin To Net: NetName=NetR11_2 Pin=R11-2
Added Pin To Net: NetName=NetR11_2 Pin=R13-2
Added Pin To Net: NetName=NetR11_2 Pin=U4-2
Added Net: Name=NetR11_2
Added Pin To Net: NetName=NetU4_6 Pin=U4-6
Added Pin To Net: NetName=NetU4_6 Pin=U4-7
Added Net: Name=NetU4_6
Added Class: Name=Mic_top
