Removed Pin From Net: NetName=AGNDC Pin=C3-1
Removed Pin From Net: NetName=AGNDC Pin=C4-1
Removed Pin From Net: NetName=AGNDC Pin=C5-2
Removed Pin From Net: NetName=AGNDC Pin=C6-2
Removed Pin From Net: NetName=AGNDC Pin=C7-1
Removed Pin From Net: NetName=AGNDC Pin=C9-1
Removed Pin From Net: NetName=AGNDC Pin=C13-2
Removed Pin From Net: NetName=AGNDC Pin=C14-2
Removed Pin From Net: NetName=AGNDC Pin=C16-1
Removed Pin From Net: NetName=AGNDC Pin=J2-2
Removed Pin From Net: NetName=AGNDC Pin=R11-1
Removed Pin From Net: NetName=AGNDC Pin=U1-11
Removed Pin From Net: NetName=AGNDC Pin=U1-18
Removed Pin From Net: NetName=AGNDC Pin=U3-4
Change Net Name : Old Net Name=AGNDC New Net Name=GND
Added Pin To Net: NetName=AGNDC Pin=C3-1
Added Pin To Net: NetName=AGNDC Pin=C4-1
Added Pin To Net: NetName=AGNDC Pin=C5-2
Added Pin To Net: NetName=AGNDC Pin=C6-2
Added Pin To Net: NetName=AGNDC Pin=C7-1
Added Pin To Net: NetName=AGNDC Pin=C9-1
Added Pin To Net: NetName=AGNDC Pin=C13-2
Added Pin To Net: NetName=AGNDC Pin=C14-2
Added Pin To Net: NetName=AGNDC Pin=C16-1
Added Pin To Net: NetName=AGNDC Pin=J2-2
Added Pin To Net: NetName=AGNDC Pin=R11-1
Added Pin To Net: NetName=AGNDC Pin=U1-11
Added Pin To Net: NetName=AGNDC Pin=U1-18
Added Pin To Net: NetName=AGNDC Pin=U3-4
Added Net: Name=AGNDC
Added Rule: Name=Schematic Supply Nets_1
