Removed Member From Class: ClassName=microphone_DIY Member=C23
Removed Member From Class: ClassName=microphone_DIY Member=C24
Removed Member From Class: ClassName=microphone_DIY Member=C25
Change Component Designator: OldDesignator=C3 NewDesignator=C4
Change Component Designator: OldDesignator=C4 NewDesignator=C5
Change Component Designator: OldDesignator=C5 NewDesignator=C7
Change Component Designator: OldDesignator=C6 NewDesignator=C11
Change Component Designator: OldDesignator=C7 NewDesignator=C12
Change Component Designator: OldDesignator=C8 NewDesignator=C13
Change Component Designator: OldDesignator=C9 NewDesignator=C6
Change Component Designator: OldDesignator=C11 NewDesignator=C14
Change Component Designator: OldDesignator=C12 NewDesignator=C15
Change Component Designator: OldDesignator=C13 NewDesignator=C17
Change Component Designator: OldDesignator=C14 NewDesignator=C18
Change Component Designator: OldDesignator=C23 NewDesignator=C3
Change Component Designator: OldDesignator=C24 NewDesignator=C8
Change Component Designator: OldDesignator=C25 NewDesignator=C9
Change Component Designator: OldDesignator=C26 NewDesignator=C16
Change Net Name : Old Net Name=NetC5_1 New Net Name=NetC7_1
Added Member To Class: ClassName=microphone_DIY Member=Component C15 0805B106K100CT
Added Member To Class: ClassName=microphone_DIY Member=Component C17 VJ0805A120JXACW1BC
Added Member To Class: ClassName=microphone_DIY Member=Component C18 VJ0805A120JXACW1BC
